14:53:37 INFO  t.l.p.s.UserLoginSuccessHandler - 회원 이메일 : casehyeon09@naver.com, 로그인 시각 : 2022년 12월 08일 14시 53분
14:54:05 INFO  t.l.p.s.UserLoginSuccessHandler - 회원 이메일 : casehyeon09@naver.com, 로그인 시각 : 2022년 12월 08일 14시 54분
14:54:59 INFO  t.l.p.security.LogOutSuccessHandler - 회원 이메일 : casehyeon09@naver.com, 로그아웃 시각 : 2022년 12월 08일 14시 54분
15:14:25 INFO  t.l.p.s.UserLoginSuccessHandler - 회원 이메일 : hapyytine@gmail.com, 로그인 시각 : 2022년 12월 08일 15시 14분
15:14:40 INFO  t.l.p.s.UserLoginSuccessHandler - 회원 이메일 : casehyeon09@naver.com, 로그인 시각 : 2022년 12월 08일 15시 14분
15:16:59 INFO  t.l.p.s.UserLoginSuccessHandler - 회원 이메일 : 1@1.com, 로그인 시각 : 2022년 12월 08일 15시 16분
15:21:23 INFO  t.l.p.s.UserLoginSuccessHandler - 회원 이메일 : casehyeon09@naver.com, 로그인 시각 : 2022년 12월 08일 15시 21분
15:21:29 INFO  t.l.p.s.UserLoginSuccessHandler - 회원 이메일 : 1@1.com, 로그인 시각 : 2022년 12월 08일 15시 21분
15:21:35 INFO  t.l.p.s.UserLoginSuccessHandler - 회원 이메일 : casehyeon09@naver.com, 로그인 시각 : 2022년 12월 08일 15시 21분
15:22:38 INFO  t.l.p.s.UserLoginSuccessHandler - 회원 이메일 : 1@1.com, 로그인 시각 : 2022년 12월 08일 15시 22분
15:22:55 INFO  t.l.p.s.UserLoginSuccessHandler - 회원 이메일 : 1@1.com, 로그인 시각 : 2022년 12월 08일 15시 22분
15:25:20 INFO  t.l.p.s.UserLoginSuccessHandler - 회원 이메일 : casehyeon09@naver.com, 로그인 시각 : 2022년 12월 08일 15시 25분
15:27:42 INFO  t.l.p.s.UserLoginSuccessHandler - 회원 이메일 : test@email.com, 로그인 시각 : 2022년 12월 08일 15시 27분
15:29:25 INFO  t.l.p.s.UserLoginSuccessHandler - 회원 이메일 : 1@1.com, 로그인 시각 : 2022년 12월 08일 15시 29분
15:29:28 INFO  t.l.p.security.LogOutSuccessHandler - 회원 이메일 : 1@1.com, 로그아웃 시각 : 2022년 12월 08일 15시 29분
15:29:34 INFO  t.l.p.s.UserLoginSuccessHandler - 회원 이메일 : test@email.com, 로그인 시각 : 2022년 12월 08일 15시 29분
15:29:53 INFO  t.l.p.security.LogOutSuccessHandler - 회원 이메일 : test@email.com, 로그아웃 시각 : 2022년 12월 08일 15시 29분
15:30:04 INFO  t.l.p.s.UserLoginSuccessHandler - 회원 이메일 : 1@1.com, 로그인 시각 : 2022년 12월 08일 15시 30분
15:31:23 INFO  t.l.p.security.LogOutSuccessHandler - 회원 이메일 : 1@1.com, 로그아웃 시각 : 2022년 12월 08일 15시 31분
15:31:57 INFO  t.l.p.s.UserLoginSuccessHandler - 회원 이메일 : test@email.com, 로그인 시각 : 2022년 12월 08일 15시 31분
15:32:30 INFO  t.l.p.security.LogOutSuccessHandler - 회원 이메일 : test@email.com, 로그아웃 시각 : 2022년 12월 08일 15시 32분
15:32:36 INFO  t.l.p.s.UserLoginSuccessHandler - 회원 이메일 : hapyytine@gmail.com, 로그인 시각 : 2022년 12월 08일 15시 32분
15:32:40 INFO  t.l.p.security.LogOutSuccessHandler - 회원 이메일 : hapyytine@gmail.com, 로그아웃 시각 : 2022년 12월 08일 15시 32분
15:32:45 INFO  t.l.p.s.UserLoginSuccessHandler - 회원 이메일 : test@email.com, 로그인 시각 : 2022년 12월 08일 15시 32분
15:33:08 INFO  t.l.p.security.LogOutSuccessHandler - 회원 이메일 : test@email.com, 로그아웃 시각 : 2022년 12월 08일 15시 33분
15:35:31 INFO  t.l.p.s.UserLoginSuccessHandler - 회원 이메일 : hapyytine@gmail.com, 로그인 시각 : 2022년 12월 08일 15시 35분
15:37:58 INFO  t.l.p.security.LogOutSuccessHandler - 회원 이메일 : hapyytine@gmail.com, 로그아웃 시각 : 2022년 12월 08일 15시 37분
15:38:05 INFO  t.l.p.s.UserLoginSuccessHandler - 회원 이메일 : hapyytine@gmail.com, 로그인 시각 : 2022년 12월 08일 15시 38분
15:40:53 INFO  t.l.p.security.LogOutSuccessHandler - 회원 이메일 : hapyytine@gmail.com, 로그아웃 시각 : 2022년 12월 08일 15시 40분
15:41:04 INFO  t.l.p.s.UserLoginSuccessHandler - 회원 이메일 : hapyytine@gmail.com, 로그인 시각 : 2022년 12월 08일 15시 41분
15:44:27 INFO  t.l.p.security.LogOutSuccessHandler - 회원 이메일 : hapyytine@gmail.com, 로그아웃 시각 : 2022년 12월 08일 15시 44분
15:44:36 INFO  t.l.p.s.UserLoginSuccessHandler - 회원 이메일 : 1@1.com, 로그인 시각 : 2022년 12월 08일 15시 44분
15:44:56 INFO  t.l.p.security.LogOutSuccessHandler - 회원 이메일 : 1@1.com, 로그아웃 시각 : 2022년 12월 08일 15시 44분
15:45:10 INFO  t.l.p.s.UserLoginSuccessHandler - 회원 이메일 : test@email.com, 로그인 시각 : 2022년 12월 08일 15시 45분
15:46:20 INFO  t.l.p.security.LogOutSuccessHandler - 회원 이메일 : test@email.com, 로그아웃 시각 : 2022년 12월 08일 15시 46분
15:46:26 INFO  t.l.p.s.UserLoginSuccessHandler - 회원 이메일 : 1@1.com, 로그인 시각 : 2022년 12월 08일 15시 46분
15:46:56 INFO  t.l.p.s.UserLoginSuccessHandler - 회원 이메일 : casehyeon09@naver.com, 로그인 시각 : 2022년 12월 08일 15시 46분
15:58:38 INFO  t.l.p.s.UserLoginSuccessHandler - 회원 이메일 : casehyeon09@naver.com, 로그인 시각 : 2022년 12월 08일 15시 58분
15:59:59 INFO  t.l.p.security.LogOutSuccessHandler - 회원 이메일 : casehyeon09@naver.com, 로그아웃 시각 : 2022년 12월 08일 15시 59분
16:01:07 INFO  t.l.p.s.UserLoginSuccessHandler - 회원 이메일 : casehyeon09@naver.com, 로그인 시각 : 2022년 12월 08일 16시 01분
16:03:44 INFO  t.l.p.s.UserLoginSuccessHandler - 회원 이메일 : casehyeon09@naver.com, 로그인 시각 : 2022년 12월 08일 16시 03분
16:05:22 INFO  t.l.p.s.UserLoginSuccessHandler - 회원 이메일 : casehyeon09@naver.com, 로그인 시각 : 2022년 12월 08일 16시 05분
16:05:31 INFO  t.l.p.s.UserLoginSuccessHandler - 회원 이메일 : casehyeon09@naver.com, 로그인 시각 : 2022년 12월 08일 16시 05분
16:13:09 INFO  t.l.p.s.UserLoginSuccessHandler - 회원 이메일 : casehyeon09@naver.com, 로그인 시각 : 2022년 12월 08일 16시 13분
16:13:57 INFO  t.l.p.security.LogOutSuccessHandler - 회원 이메일 : casehyeon09@naver.com, 로그아웃 시각 : 2022년 12월 08일 16시 13분
16:14:02 INFO  t.l.p.s.UserLoginSuccessHandler - 회원 이메일 : casehyeon09@naver.com, 로그인 시각 : 2022년 12월 08일 16시 14분
16:14:16 INFO  t.l.p.security.LogOutSuccessHandler - 회원 이메일 : casehyeon09@naver.com, 로그아웃 시각 : 2022년 12월 08일 16시 14분
16:14:50 INFO  t.l.p.s.UserLoginSuccessHandler - 회원 이메일 : casehyeon09@naver.com, 로그인 시각 : 2022년 12월 08일 16시 14분
16:15:07 INFO  t.l.p.security.LogOutSuccessHandler - 회원 이메일 : casehyeon09@naver.com, 로그아웃 시각 : 2022년 12월 08일 16시 15분
16:15:11 INFO  t.l.p.s.UserLoginSuccessHandler - 회원 이메일 : casehyeon09@naver.com, 로그인 시각 : 2022년 12월 08일 16시 15분
16:16:54 INFO  t.l.p.s.UserLoginSuccessHandler - 회원 이메일 : casehyeon09@naver.com, 로그인 시각 : 2022년 12월 08일 16시 16분
16:18:46 INFO  t.l.p.s.UserLoginSuccessHandler - 회원 이메일 : casehyeon09@naver.com, 로그인 시각 : 2022년 12월 08일 16시 18분
16:19:26 INFO  t.l.p.s.UserLoginSuccessHandler - 회원 이메일 : casehyeon09@naver.com, 로그인 시각 : 2022년 12월 08일 16시 19분
16:20:23 INFO  t.l.p.s.UserLoginSuccessHandler - 회원 이메일 : casehyeon09@naver.com, 로그인 시각 : 2022년 12월 08일 16시 20분
16:24:03 INFO  t.l.p.s.UserLoginSuccessHandler - 회원 이메일 : casehyeon09@naver.com, 로그인 시각 : 2022년 12월 08일 16시 24분
16:25:28 INFO  t.l.p.s.UserLoginSuccessHandler - 회원 이메일 : casehyeon09@naver.com, 로그인 시각 : 2022년 12월 08일 16시 25분
16:26:23 DEBUG t.l.p.s.CustomInvalidSessionStrategy - Session expired due to non-ajax request, starting a new session and redirect to requested url 'http://192.168.0.16:8082/error'
16:26:42 DEBUG t.l.p.s.CustomInvalidSessionStrategy - Session expired due to non-ajax request, starting a new session and redirect to requested url 'http://localhost:8082/member/login'
16:26:59 INFO  t.l.p.s.UserLoginSuccessHandler - 회원 이메일 : casehyeon09@naver.com, 로그인 시각 : 2022년 12월 08일 16시 26분
16:36:20 INFO  t.l.p.s.UserLoginSuccessHandler - 회원 이메일 : casehyeon09@naver.com, 로그인 시각 : 2022년 12월 08일 16시 36분
16:36:25 INFO  t.l.p.security.LogOutSuccessHandler - 회원 이메일 : casehyeon09@naver.com, 로그아웃 시각 : 2022년 12월 08일 16시 36분
16:36:40 INFO  t.l.p.s.UserLoginSuccessHandler - 회원 이메일 : casehyeon09@naver.com, 로그인 시각 : 2022년 12월 08일 16시 36분
16:36:45 INFO  t.l.p.s.UserLoginSuccessHandler - 회원 이메일 : casehyeon09@naver.com, 로그인 시각 : 2022년 12월 08일 16시 36분
16:46:22 INFO  t.l.p.security.LogOutSuccessHandler - 회원 이메일 : casehyeon09@naver.com, 로그아웃 시각 : 2022년 12월 08일 16시 46분
16:46:25 INFO  t.l.p.s.UserLoginSuccessHandler - 회원 이메일 : soon@naver.com, 로그인 시각 : 2022년 12월 08일 16시 46분
16:46:30 INFO  t.l.p.s.UserLoginSuccessHandler - 회원 이메일 : admin1234@naver.com, 로그인 시각 : 2022년 12월 08일 16시 46분
16:53:13 INFO  t.l.p.security.LogOutSuccessHandler - 회원 이메일 : soon@naver.com, 로그아웃 시각 : 2022년 12월 08일 16시 53분
16:53:17 INFO  t.l.p.security.LogOutSuccessHandler - 회원 이메일 : admin1234@naver.com, 로그아웃 시각 : 2022년 12월 08일 16시 53분
16:53:21 INFO  t.l.p.s.UserLoginSuccessHandler - 회원 이메일 : casehyeon09@naver.com, 로그인 시각 : 2022년 12월 08일 16시 53분
16:53:29 INFO  t.l.p.s.UserLoginSuccessHandler - 회원 이메일 : test@email.com, 로그인 시각 : 2022년 12월 08일 16시 53분
17:06:48 INFO  t.l.p.s.UserLoginSuccessHandler - 회원 이메일 : 1@1.com, 로그인 시각 : 2022년 12월 08일 17시 06분
17:09:45 INFO  t.l.p.s.UserLoginSuccessHandler - 회원 이메일 : 1@1.com, 로그인 시각 : 2022년 12월 08일 17시 09분
17:11:07 INFO  t.l.p.s.UserLoginSuccessHandler - 회원 이메일 : 1@1.com, 로그인 시각 : 2022년 12월 08일 17시 11분
17:13:43 INFO  t.l.p.s.UserLoginSuccessHandler - 회원 이메일 : 1@1.com, 로그인 시각 : 2022년 12월 08일 17시 13분
17:14:41 INFO  t.l.p.s.UserLoginSuccessHandler - 회원 이메일 : 1@1.com, 로그인 시각 : 2022년 12월 08일 17시 14분
17:14:51 INFO  t.l.p.s.UserLoginSuccessHandler - 회원 이메일 : 1@1.com, 로그인 시각 : 2022년 12월 08일 17시 14분
17:25:34 INFO  t.l.p.s.UserLoginSuccessHandler - 회원 이메일 : 1@1.com, 로그인 시각 : 2022년 12월 08일 17시 25분
17:26:02 INFO  t.l.p.s.UserLoginSuccessHandler - 회원 이메일 : 1@1.com, 로그인 시각 : 2022년 12월 08일 17시 26분
17:26:18 INFO  t.l.p.s.UserLoginSuccessHandler - 회원 이메일 : 1@1.com, 로그인 시각 : 2022년 12월 08일 17시 26분
17:28:30 INFO  t.l.p.s.o.KakaoOAuth2UserService - 회원 이메일 : 2547774037@kakao.com, 로그인 시각 : 2022년 12월 08일 17시 28분
17:29:04 INFO  t.l.p.s.o.KakaoOAuth2UserService - 회원 이메일 : 2547774037@kakao.com, 로그인 시각 : 2022년 12월 08일 17시 29분
17:29:15 INFO  t.l.p.s.o.KakaoOAuth2UserService - 회원 이메일 : 2547774037@kakao.com, 로그인 시각 : 2022년 12월 08일 17시 29분
17:34:17 INFO  t.l.p.s.UserLoginSuccessHandler - 회원 이메일 : casehyeon09@naver.com, 로그인 시각 : 2022년 12월 08일 17시 34분
17:34:47 INFO  t.l.p.security.LogOutSuccessHandler - 회원 이메일 : casehyeon09@naver.com, 로그아웃 시각 : 2022년 12월 08일 17시 34분
17:35:12 INFO  t.l.p.s.UserLoginSuccessHandler - 회원 이메일 : casehyeon09@naver.com, 로그인 시각 : 2022년 12월 08일 17시 35분
17:36:41 INFO  t.l.p.s.UserLoginSuccessHandler - 회원 이메일 : casehyeon09@naver.com, 로그인 시각 : 2022년 12월 08일 17시 36분
17:37:00 INFO  t.l.p.security.LogOutSuccessHandler - 회원 이메일 : casehyeon09@naver.com, 로그아웃 시각 : 2022년 12월 08일 17시 37분
17:48:38 INFO  t.l.p.s.UserLoginSuccessHandler - 회원 이메일 : casehyeon09@naver.com, 로그인 시각 : 2022년 12월 08일 17시 48분
17:50:40 INFO  t.l.p.s.UserLoginSuccessHandler - 회원 이메일 : casehyeon09@naver.com, 로그인 시각 : 2022년 12월 08일 17시 50분
17:51:21 INFO  t.l.p.security.LogOutSuccessHandler - 회원 이메일 : casehyeon09@naver.com, 로그아웃 시각 : 2022년 12월 08일 17시 51분
17:51:28 INFO  t.l.p.s.UserLoginSuccessHandler - 회원 이메일 : casehyeon09@naver.com, 로그인 시각 : 2022년 12월 08일 17시 51분
17:51:29 INFO  t.l.p.security.LogOutSuccessHandler - 회원 이메일 : casehyeon09@naver.com, 로그아웃 시각 : 2022년 12월 08일 17시 51분
17:51:59 INFO  t.l.p.s.UserLoginSuccessHandler - 회원 이메일 : casehyeon09@naver.com, 로그인 시각 : 2022년 12월 08일 17시 51분
17:52:01 INFO  t.l.p.security.LogOutSuccessHandler - 회원 이메일 : casehyeon09@naver.com, 로그아웃 시각 : 2022년 12월 08일 17시 52분
18:02:55 INFO  t.l.p.s.UserLoginSuccessHandler - 회원 이메일 : casehyeon09@naver.com, 로그인 시각 : 2022년 12월 08일 18시 02분
18:02:55 INFO  t.l.p.security.LogOutSuccessHandler - 회원 이메일 : casehyeon09@naver.com, 로그아웃 시각 : 2022년 12월 08일 18시 02분
18:06:04 INFO  t.l.p.s.UserLoginSuccessHandler - 회원 이메일 : casehyeon09@naver.com, 로그인 시각 : 2022년 12월 08일 18시 06분
18:06:05 INFO  t.l.p.security.LogOutSuccessHandler - 회원 이메일 : casehyeon09@naver.com, 로그아웃 시각 : 2022년 12월 08일 18시 06분
18:14:44 INFO  t.l.p.s.UserLoginSuccessHandler - 회원 이메일 : casehyeon09@naver.com, 로그인 시각 : 2022년 12월 08일 18시 14분
18:14:45 INFO  t.l.p.security.LogOutSuccessHandler - 회원 이메일 : casehyeon09@naver.com, 로그아웃 시각 : 2022년 12월 08일 18시 14분
18:15:53 INFO  t.l.p.s.UserLoginSuccessHandler - 회원 이메일 : casehyeon09@naver.com, 로그인 시각 : 2022년 12월 08일 18시 15분
18:15:54 INFO  t.l.p.security.LogOutSuccessHandler - 회원 이메일 : casehyeon09@naver.com, 로그아웃 시각 : 2022년 12월 08일 18시 15분
18:16:01 INFO  t.l.p.s.UserLoginSuccessHandler - 회원 이메일 : casehyeon09@naver.com, 로그인 시각 : 2022년 12월 08일 18시 16분
18:17:31 INFO  t.l.p.s.UserLoginSuccessHandler - 회원 이메일 : casehyeon09@naver.com, 로그인 시각 : 2022년 12월 08일 18시 17분
18:17:32 INFO  t.l.p.security.LogOutSuccessHandler - 회원 이메일 : casehyeon09@naver.com, 로그아웃 시각 : 2022년 12월 08일 18시 17분
