08:14:53 INFO  t.l.p.s.o.KakaoOAuth2UserService - 회원 이메일 : 2547774037@kakao.com, 로그인 시각 : 2022년 12월 09일 08시 14분
08:25:50 INFO  t.l.p.s.o.KakaoOAuth2UserService - 회원 이메일 : 2547774037@kakao.com, 로그인 시각 : 2022년 12월 09일 08시 25분
08:26:05 INFO  t.l.p.security.LogOutSuccessHandler - 회원 이메일 : 2547774037@kakao.com, 로그아웃 시각 : 2022년 12월 09일 08시 26분
08:40:30 INFO  t.l.p.s.UserLoginSuccessHandler - 회원 이메일 : admin1234@naver.com, 로그인 시각 : 2022년 12월 09일 08시 40분
08:42:27 INFO  t.l.p.s.UserLoginSuccessHandler - 회원 이메일 : 1@1.com, 로그인 시각 : 2022년 12월 09일 08시 42분
08:43:07 INFO  t.l.p.security.LogOutSuccessHandler - 회원 이메일 : 1@1.com, 로그아웃 시각 : 2022년 12월 09일 08시 43분
08:43:11 INFO  t.l.p.s.UserLoginSuccessHandler - 회원 이메일 : test@email.com, 로그인 시각 : 2022년 12월 09일 08시 43분
08:57:20 INFO  t.l.p.s.UserLoginSuccessHandler - 회원 이메일 : 1@1.com, 로그인 시각 : 2022년 12월 09일 08시 57분
08:57:21 INFO  t.l.p.security.LogOutSuccessHandler - 회원 이메일 : 1@1.com, 로그아웃 시각 : 2022년 12월 09일 08시 57분
08:57:30 INFO  t.l.p.s.UserLoginSuccessHandler - 회원 이메일 : 1@1.com, 로그인 시각 : 2022년 12월 09일 08시 57분
09:12:02 INFO  t.l.p.s.UserLoginSuccessHandler - 회원 이메일 : 1@1.com, 로그인 시각 : 2022년 12월 09일 09시 12분
09:13:24 INFO  t.l.p.security.LogOutSuccessHandler - 회원 이메일 : 1@1.com, 로그아웃 시각 : 2022년 12월 09일 09시 13분
09:13:31 INFO  t.l.p.s.UserLoginSuccessHandler - 회원 이메일 : admin1234@naver.com, 로그인 시각 : 2022년 12월 09일 09시 13분
09:14:05 INFO  t.l.p.security.LogOutSuccessHandler - 회원 이메일 : admin1234@naver.com, 로그아웃 시각 : 2022년 12월 09일 09시 14분
09:14:13 INFO  t.l.p.s.UserLoginSuccessHandler - 회원 이메일 : 1@1.com, 로그인 시각 : 2022년 12월 09일 09시 14분
09:41:11 INFO  t.l.p.security.LogOutSuccessHandler - 회원 이메일 : 1@1.com, 로그아웃 시각 : 2022년 12월 09일 09시 41분
09:52:02 INFO  t.l.p.s.UserLoginSuccessHandler - 회원 이메일 : 1@1.com, 로그인 시각 : 2022년 12월 09일 09시 52분
09:52:45 INFO  t.l.p.s.UserLoginSuccessHandler - 회원 이메일 : casehyeon09@naver.com, 로그인 시각 : 2022년 12월 09일 09시 52분
09:54:11 INFO  t.l.p.s.UserLoginSuccessHandler - 회원 이메일 : casehyeon09@naver.com, 로그인 시각 : 2022년 12월 09일 09시 54분
09:57:30 INFO  t.l.p.s.UserLoginSuccessHandler - 회원 이메일 : 1@1.com, 로그인 시각 : 2022년 12월 09일 09시 57분
11:28:39 INFO  t.l.p.s.UserLoginSuccessHandler - 회원 이메일 : casehyeon09@naver.com, 로그인 시각 : 2022년 12월 09일 11시 28분
11:39:26 INFO  t.l.p.s.UserLoginSuccessHandler - 회원 이메일 : casehyeon09@naver.com, 로그인 시각 : 2022년 12월 09일 11시 39분
11:41:22 INFO  t.l.p.s.UserLoginSuccessHandler - 회원 이메일 : casehyeon09@naver.com, 로그인 시각 : 2022년 12월 09일 11시 41분
11:43:05 INFO  t.l.p.s.UserLoginSuccessHandler - 회원 이메일 : casehyeon09@naver.com, 로그인 시각 : 2022년 12월 09일 11시 43분
12:49:17 INFO  t.l.p.s.UserLoginSuccessHandler - 회원 이메일 : casehyeon09@naver.com, 로그인 시각 : 2022년 12월 09일 12시 49분
12:58:57 INFO  t.l.p.s.UserLoginSuccessHandler - 회원 이메일 : soon@naver.com, 로그인 시각 : 2022년 12월 09일 12시 58분
13:07:09 INFO  t.l.p.security.LogOutSuccessHandler - 회원 이메일 : soon@naver.com, 로그아웃 시각 : 2022년 12월 09일 13시 07분
13:07:28 INFO  t.l.p.s.UserLoginSuccessHandler - 회원 이메일 : soon@naver.com, 로그인 시각 : 2022년 12월 09일 13시 07분
13:08:58 INFO  t.l.p.security.LogOutSuccessHandler - 회원 이메일 : soon@naver.com, 로그아웃 시각 : 2022년 12월 09일 13시 08분
13:09:07 INFO  t.l.p.s.UserLoginSuccessHandler - 회원 이메일 : test@email.com, 로그인 시각 : 2022년 12월 09일 13시 09분
13:09:13 INFO  t.l.p.security.LogOutSuccessHandler - 회원 이메일 : casehyeon09@naver.com, 로그아웃 시각 : 2022년 12월 09일 13시 09분
13:09:26 INFO  t.l.p.s.UserLoginSuccessHandler - 회원 이메일 : admin1234@naver.com, 로그인 시각 : 2022년 12월 09일 13시 09분
13:14:43 INFO  t.l.p.security.LogOutSuccessHandler - 회원 이메일 : admin1234@naver.com, 로그아웃 시각 : 2022년 12월 09일 13시 14분
13:14:46 INFO  t.l.p.s.o.KakaoOAuth2UserService - 회원 이메일 : 2547774037@kakao.com, 로그인 시각 : 2022년 12월 09일 13시 14분
13:14:53 INFO  t.l.p.security.LogOutSuccessHandler - 회원 이메일 : 2547774037@kakao.com, 로그아웃 시각 : 2022년 12월 09일 13시 14분
13:14:59 INFO  t.l.p.s.UserLoginSuccessHandler - 회원 이메일 : casehyeon09@naver.com, 로그인 시각 : 2022년 12월 09일 13시 14분
13:15:00 INFO  t.l.p.security.LogOutSuccessHandler - 회원 이메일 : casehyeon09@naver.com, 로그아웃 시각 : 2022년 12월 09일 13시 15분
13:15:04 INFO  t.l.p.s.UserLoginSuccessHandler - 회원 이메일 : casehyeon09@naver.com, 로그인 시각 : 2022년 12월 09일 13시 15분
13:15:10 INFO  t.l.p.security.LogOutSuccessHandler - 회원 이메일 : casehyeon09@naver.com, 로그아웃 시각 : 2022년 12월 09일 13시 15분
13:15:12 INFO  t.l.p.s.o.KakaoOAuth2UserService - 회원 이메일 : 2547774037@kakao.com, 로그인 시각 : 2022년 12월 09일 13시 15분
13:15:52 INFO  t.l.p.security.LogOutSuccessHandler - 회원 이메일 : test@email.com, 로그아웃 시각 : 2022년 12월 09일 13시 15분
13:16:31 INFO  t.l.p.s.UserLoginSuccessHandler - 회원 이메일 : airdon2@naver.com, 로그인 시각 : 2022년 12월 09일 13시 16분
13:16:41 INFO  t.l.p.security.LogOutSuccessHandler - 회원 이메일 : airdon2@naver.com, 로그아웃 시각 : 2022년 12월 09일 13시 16분
13:17:48 INFO  t.l.p.s.UserLoginSuccessHandler - 회원 이메일 : test@email.com, 로그인 시각 : 2022년 12월 09일 13시 17분
13:20:56 INFO  t.l.p.s.UserLoginSuccessHandler - 회원 이메일 : test@email.com, 로그인 시각 : 2022년 12월 09일 13시 20분
13:21:07 INFO  t.l.p.security.LogOutSuccessHandler - 회원 이메일 : test@email.com, 로그아웃 시각 : 2022년 12월 09일 13시 21분
