08:39:32 INFO  t.l.p.s.UserLoginSuccessHandler - 회원 이메일 : casehyeon09@naver.com, 로그인 시각 : 2022년 12월 12일 08시 39분
08:40:44 INFO  t.l.p.security.LogOutSuccessHandler - 회원 이메일 : casehyeon09@naver.com, 로그아웃 시각 : 2022년 12월 12일 08시 40분
08:40:50 INFO  t.l.p.s.UserLoginSuccessHandler - 회원 이메일 : admin1234@naver.com, 로그인 시각 : 2022년 12월 12일 08시 40분
08:41:35 INFO  t.l.p.s.UserLoginSuccessHandler - 회원 이메일 : test@email.com, 로그인 시각 : 2022년 12월 12일 08시 41분
08:44:16 INFO  t.l.p.security.LogOutSuccessHandler - 회원 이메일 : test@email.com, 로그아웃 시각 : 2022년 12월 12일 08시 44분
08:46:31 INFO  t.l.p.s.UserLoginSuccessHandler - 회원 이메일 : casehyeon09@naver.com, 로그인 시각 : 2022년 12월 12일 08시 46분
08:47:21 INFO  t.l.p.s.UserLoginSuccessHandler - 회원 이메일 : casehyeon09@naver.com, 로그인 시각 : 2022년 12월 12일 08시 47분
08:48:20 INFO  t.l.p.s.UserLoginSuccessHandler - 회원 이메일 : casehyeon09@naver.com, 로그인 시각 : 2022년 12월 12일 08시 48분
08:52:29 INFO  t.l.p.security.LogOutSuccessHandler - 회원 이메일 : casehyeon09@naver.com, 로그아웃 시각 : 2022년 12월 12일 08시 52분
08:53:39 INFO  t.l.p.s.UserLoginSuccessHandler - 회원 이메일 : airdon2@naver.com, 로그인 시각 : 2022년 12월 12일 08시 53분
09:06:11 INFO  t.l.p.security.LogOutSuccessHandler - 회원 이메일 : airdon2@naver.com, 로그아웃 시각 : 2022년 12월 12일 09시 06분
09:06:18 INFO  t.l.p.s.UserLoginSuccessHandler - 회원 이메일 : test@email.com, 로그인 시각 : 2022년 12월 12일 09시 06분
09:08:04 INFO  t.l.p.security.LogOutSuccessHandler - 회원 이메일 : test@email.com, 로그아웃 시각 : 2022년 12월 12일 09시 08분
09:08:21 INFO  t.l.p.s.UserLoginSuccessHandler - 회원 이메일 : test@email.com, 로그인 시각 : 2022년 12월 12일 09시 08분
09:08:46 INFO  t.l.p.s.UserLoginSuccessHandler - 회원 이메일 : casehyeon09@naver.com, 로그인 시각 : 2022년 12월 12일 09시 08분
09:27:54 INFO  t.l.p.s.UserLoginSuccessHandler - 회원 이메일 : casehyeon09@naver.com, 로그인 시각 : 2022년 12월 12일 09시 27분
09:28:33 INFO  t.l.p.s.UserLoginSuccessHandler - 회원 이메일 : casehyeon09@naver.com, 로그인 시각 : 2022년 12월 12일 09시 28분
09:29:16 INFO  t.l.p.s.UserLoginSuccessHandler - 회원 이메일 : casehyeon09@naver.com, 로그인 시각 : 2022년 12월 12일 09시 29분
09:34:14 INFO  t.l.p.security.LogOutSuccessHandler - 회원 이메일 : casehyeon09@naver.com, 로그아웃 시각 : 2022년 12월 12일 09시 34분
09:34:52 INFO  t.l.p.s.UserLoginSuccessHandler - 회원 이메일 : airdon2@naver.com, 로그인 시각 : 2022년 12월 12일 09시 34분
09:35:42 INFO  t.l.p.security.LogOutSuccessHandler - 회원 이메일 : airdon2@naver.com, 로그아웃 시각 : 2022년 12월 12일 09시 35분
09:35:56 INFO  t.l.p.s.UserLoginSuccessHandler - 회원 이메일 : test@email.com, 로그인 시각 : 2022년 12월 12일 09시 35분
09:38:27 INFO  t.l.p.s.UserLoginSuccessHandler - 회원 이메일 : 1@1.com, 로그인 시각 : 2022년 12월 12일 09시 38분
09:48:19 INFO  t.l.p.security.LogOutSuccessHandler - 회원 이메일 : 1@1.com, 로그아웃 시각 : 2022년 12월 12일 09시 48분
10:27:14 INFO  t.l.p.s.UserLoginSuccessHandler - 회원 이메일 : airdon2@naver.com, 로그인 시각 : 2022년 12월 12일 10시 27분
10:48:41 INFO  t.l.p.security.LogOutSuccessHandler - 회원 이메일 : airdon2@naver.com, 로그아웃 시각 : 2022년 12월 12일 10시 48분
10:54:11 INFO  t.l.p.s.UserLoginSuccessHandler - 회원 이메일 : airdon2@naver.com, 로그인 시각 : 2022년 12월 12일 10시 54분
11:00:02 INFO  t.l.p.security.LogOutSuccessHandler - 회원 이메일 : airdon2@naver.com, 로그아웃 시각 : 2022년 12월 12일 11시 00분
11:00:14 INFO  t.l.p.s.UserLoginSuccessHandler - 회원 이메일 : airdon2@naver.com, 로그인 시각 : 2022년 12월 12일 11시 00분
11:00:31 INFO  t.l.p.security.LogOutSuccessHandler - 회원 이메일 : airdon2@naver.com, 로그아웃 시각 : 2022년 12월 12일 11시 00분
11:00:38 INFO  t.l.p.s.UserLoginSuccessHandler - 회원 이메일 : test@email.com, 로그인 시각 : 2022년 12월 12일 11시 00분
12:55:01 INFO  t.l.p.s.UserLoginSuccessHandler - 회원 이메일 : test@email.com, 로그인 시각 : 2022년 12월 12일 12시 55분
12:55:13 INFO  t.l.p.security.LogOutSuccessHandler - 회원 이메일 : test@email.com, 로그아웃 시각 : 2022년 12월 12일 12시 55분
12:58:38 INFO  t.l.p.s.UserLoginSuccessHandler - 회원 이메일 : airdon2@naver.com, 로그인 시각 : 2022년 12월 12일 12시 58분
12:59:21 INFO  t.l.p.s.UserLoginSuccessHandler - 회원 이메일 : casehyeon09@naver.com, 로그인 시각 : 2022년 12월 12일 12시 59분
13:01:11 INFO  t.l.p.security.LogOutSuccessHandler - 회원 이메일 : airdon2@naver.com, 로그아웃 시각 : 2022년 12월 12일 13시 01분
13:01:15 INFO  t.l.p.s.UserLoginSuccessHandler - 회원 이메일 : test@email.com, 로그인 시각 : 2022년 12월 12일 13시 01분
13:05:46 INFO  t.l.p.security.LogOutSuccessHandler - 회원 이메일 : casehyeon09@naver.com, 로그아웃 시각 : 2022년 12월 12일 13시 05분
13:05:51 INFO  t.l.p.s.UserLoginSuccessHandler - 회원 이메일 : admin1234@naver.com, 로그인 시각 : 2022년 12월 12일 13시 05분
13:06:35 INFO  t.l.p.s.UserLoginSuccessHandler - 회원 이메일 : airdon2@naver.com, 로그인 시각 : 2022년 12월 12일 13시 06분
13:50:31 INFO  t.l.p.s.UserLoginSuccessHandler - 회원 이메일 : airdon2@naver.com, 로그인 시각 : 2022년 12월 12일 13시 50분
13:54:21 INFO  t.l.p.security.LogOutSuccessHandler - 회원 이메일 : airdon2@naver.com, 로그아웃 시각 : 2022년 12월 12일 13시 54분
13:54:32 INFO  t.l.p.s.UserLoginSuccessHandler - 회원 이메일 : airdon2@naver.com, 로그인 시각 : 2022년 12월 12일 13시 54분
13:54:42 INFO  t.l.p.security.LogOutSuccessHandler - 회원 이메일 : airdon2@naver.com, 로그아웃 시각 : 2022년 12월 12일 13시 54분
13:55:10 INFO  t.l.p.s.UserLoginSuccessHandler - 회원 이메일 : test@email.com, 로그인 시각 : 2022년 12월 12일 13시 55분
13:57:50 INFO  t.l.p.s.o.KakaoOAuth2UserService - 회원 이메일 : 2573445098@kakao.com, 로그인 시각 : 2022년 12월 12일 13시 57분
14:08:52 INFO  t.l.p.s.o.KakaoOAuth2UserService - 회원 이메일 : 2547774037@kakao.com, 로그인 시각 : 2022년 12월 12일 14시 08분
14:20:01 INFO  t.l.p.security.LogOutSuccessHandler - 회원 이메일 : 2547774037@kakao.com, 로그아웃 시각 : 2022년 12월 12일 14시 20분
14:20:18 INFO  t.l.p.s.UserLoginSuccessHandler - 회원 이메일 : admin1234@naver.com, 로그인 시각 : 2022년 12월 12일 14시 20분
14:47:03 INFO  t.l.p.s.UserLoginSuccessHandler - 회원 이메일 : 1@1.com, 로그인 시각 : 2022년 12월 12일 14시 47분
14:55:47 INFO  t.l.p.security.LogOutSuccessHandler - 회원 이메일 : 1@1.com, 로그아웃 시각 : 2022년 12월 12일 14시 55분
14:55:55 INFO  t.l.p.s.UserLoginSuccessHandler - 회원 이메일 : casehyeon09@naver.com, 로그인 시각 : 2022년 12월 12일 14시 55분
